import time: self [us] | cumulative | imported package
import time:       504 |        504 |   _io
import time:        86 |         86 |   marshal
import time:       632 |        632 |   posix
import time:      1107 |       2328 | _frozen_importlib_external
import time:       228 |        228 |   time
import time:       522 |        750 | zipimport
import time:       170 |        170 |     _codecs
import time:       918 |       1087 |   codecs
import time:       451 |        451 |   encodings.aliases
import time:      1086 |       2624 | encodings
import time:       204 |        204 | encodings.utf_8
import time:       176 |        176 | _signal
import time:       210 |        210 | encodings.latin_1
import time:        46 |         46 |     _abc
import time:       234 |        280 |   abc
import time:       287 |        566 | io
import time:        52 |         52 |       _stat
import time:       269 |        320 |     stat
import time:       991 |        991 |     _collections_abc
import time:       136 |        136 |       genericpath
import time:       225 |        361 |     posixpath
import time:       617 |       2288 |   os
import time:       191 |        191 |   _sitebuiltins
import time:        78 |         78 |     _locale
import time:       144 |        222 |   _bootlocale
import time:       415 |        415 |   _distutils_hack
import time:       241 |        241 |   types
import time:       340 |        340 |       warnings
import time:       189 |        529 |     importlib
import time:       216 |        216 |       importlib.machinery
import time:       651 |        866 |     importlib.abc
import time:        89 |         89 |           _operator
import time:       403 |        491 |         operator
import time:       190 |        190 |         keyword
import time:        75 |         75 |           _heapq
import time:       242 |        317 |         heapq
import time:       144 |        144 |         itertools
import time:      1385 |       1385 |         reprlib
import time:       114 |        114 |         _collections
import time:      1185 |       3822 |       collections
import time:        74 |         74 |         _functools
import time:       883 |        956 |       functools
import time:       689 |       5466 |     contextlib
import time:       380 |       7239 |   importlib.util
import time:        83 |         83 |     apport_python_hook
import time:       192 |        275 |   sitecustomize
import time:      2754 |      13621 | site
import time:       680 |        680 |     enum
import time:        68 |         68 |       _sre
import time:       284 |        284 |         sre_constants
import time:       313 |        596 |       sre_parse
import time:       270 |        933 |     sre_compile
import time:       181 |        181 |     copyreg
import time:       540 |       2333 |   re
import time:       161 |        161 |         token
import time:       919 |       1080 |       tokenize
import time:       187 |       1266 |     linecache
import time:       336 |       1602 |   traceback
import time:       185 |        185 |     _weakrefset
import time:       578 |        763 |   weakref
import time:       255 |        255 |   collections.abc
import time:        66 |         66 |     _string
import time:      1012 |       1077 |   string
import time:       547 |        547 |   threading
import time:        79 |         79 |   atexit
import time:      2290 |       8941 | logging
import time:      2342 |       2342 | platform
import time:      2424 |       2424 |       _tkinter
import time:       302 |        302 |       tkinter.constants
import time:      2623 |       5348 |     tkinter
import time:       171 |        171 |       tkinter.dialog
import time:       147 |        147 |       tkinter.commondialog
import time:       154 |        154 |         tkinter.messagebox
import time:       329 |        483 |       tkinter.simpledialog
import time:       167 |        167 |       fnmatch
import time:       468 |       1434 |     tkinter.filedialog
import time:       230 |        230 |     tkinter.colorchooser
import time:       879 |        879 |     tkinter.ttk
import time:       211 |        211 |     tkinter.font
import time:        80 |         80 |         errno
import time:       874 |        874 |         signal
import time:        87 |         87 |         msvcrt
import time:        39 |         39 |         _posixsubprocess
import time:        63 |         63 |         select
import time:       141 |        141 |           math
import time:       536 |        676 |         selectors
import time:       579 |       2395 |       subprocess
import time:       528 |        528 |       _uuid
import time:      4111 |       7033 |     uuid
import time:       187 |        187 |         _struct
import time:       503 |        690 |       struct
import time:      1065 |       1065 |       _compat_pickle
import time:       329 |        329 |       _pickle
import time:       398 |        398 |           org
import time:        65 |        462 |         org.python
import time:        41 |        503 |       org.python.core
import time:      2333 |       4917 |     pickle
import time:       197 |        197 |         _datetime
import time:       918 |       1114 |       datetime
import time:       959 |        959 |       locale
import time:       695 |       2767 |     calendar
import time:      1437 |       1437 |     textwrap
import time:       187 |        187 |           _opcode
import time:       336 |        523 |         opcode
import time:       600 |       1122 |       dis
import time:      2256 |       3378 |     inspect
import time:       837 |        837 |     difflib
import time:       107 |        107 |           org
import time:        52 |        159 |         org.python
import time:        37 |        195 |       org.python.core
import time:       424 |        619 |     copy
import time:       430 |        430 |     pprint
import time:      2179 |       2179 |     typing
import time:        56 |         56 |         _bisect
import time:       211 |        267 |       bisect
import time:        58 |         58 |       _sha512
import time:        50 |         50 |       _random
import time:       615 |        989 |     random
import time:       234 |        234 |           _json
import time:      1996 |       2230 |         json.scanner
import time:       615 |       2844 |       json.decoder
import time:       605 |        605 |       json.encoder
import time:       368 |       3815 |     json
import time:      2174 |       2174 |     configparser
import time:       217 |        217 |       _queue
import time:       429 |        645 |     queue
import time:       304 |        304 |       shlex
import time:        92 |         92 |         zlib
import time:       211 |        211 |           _compression
import time:       243 |        243 |           _bz2
import time:       281 |        734 |         bz2
import time:       248 |        248 |           _lzma
import time:       250 |        498 |         lzma
import time:        60 |         60 |         pwd
import time:        49 |         49 |         grp
import time:       918 |       2348 |       shutil
import time:       489 |       3140 |     webbrowser
import time:       285 |        285 |       urllib
import time:        83 |         83 |         binascii
import time:       326 |        409 |       base64
import time:       162 |        162 |       email
import time:       566 |        566 |         _hashlib
import time:        83 |         83 |         _blake2
import time:        81 |         81 |         _sha3
import time:       275 |       1003 |       hashlib
import time:       828 |        828 |         http
import time:       438 |        438 |             email.errors
import time:       249 |        249 |                 email.quoprimime
import time:       135 |        135 |                 email.base64mime
import time:       159 |        159 |                     quopri
import time:       132 |        290 |                   email.encoders
import time:       265 |        555 |                 email.charset
import time:       794 |       1731 |               email.header
import time:       188 |        188 |                   _socket
import time:      1860 |       2047 |                 socket
import time:      1062 |       1062 |                 urllib.parse
import time:       260 |        260 |                 email._parseaddr
import time:       597 |       3965 |               email.utils
import time:       322 |       6017 |             email._policybase
import time:       712 |       7166 |           email.feedparser
import time:       256 |       7421 |         email.parser
import time:       195 |        195 |           uu
import time:       300 |        300 |           email._encoded_words
import time:       131 |        131 |           email.iterators
import time:       625 |       1249 |         email.message
import time:      1176 |       1176 |           _ssl
import time:      3041 |       4217 |         ssl
import time:      1102 |      14815 |       http.client
import time:       462 |        462 |       tempfile
import time:       180 |        180 |         urllib.response
import time:       232 |        411 |       urllib.error
import time:      2195 |      19738 |     urllib.request
import time:       515 |        515 |       pkgutil
import time:       429 |        429 |       sysconfig
import time:       314 |        314 |       _sysconfigdata__x86_64-linux-gnu
import time:      1555 |       2811 |     pydoc
import time:       413 |        413 |       _ctypes
import time:       273 |        273 |       ctypes._endian
import time:      1023 |       1708 |     ctypes
import time:     10078 |      76784 |   PySimpleGUI.PySimpleGUI
import time:       436 |      77220 | PySimpleGUI
import time:       118 |        118 |         distutils.debug
import time:       324 |        324 |         distutils.errors
import time:      1072 |       1072 |               gettext
import time:       194 |       1266 |             getopt
import time:       531 |       1796 |           distutils.fancy_getopt
import time:       123 |        123 |             distutils.dep_util
import time:       137 |        137 |               distutils.log
import time:       153 |        290 |             distutils.spawn
import time:       111 |        111 |             distutils.py35compat
import time:       328 |        850 |           distutils.util
import time:       640 |       3285 |         distutils.dist
import time:       158 |        158 |           distutils.dir_util
import time:       142 |        142 |           distutils.file_util
import time:       912 |        912 |             zipfile
import time:       195 |       1106 |           distutils.archive_util
import time:       284 |       1688 |         distutils.cmd
import time:       196 |        196 |         distutils.config
import time:       160 |        160 |         distutils.extension
import time:       853 |       6621 |       _distutils_hack.override
import time:       132 |        132 |       setuptools._deprecation_warning
import time:       130 |        130 |                 xml
import time:       185 |        315 |               xml.parsers
import time:       146 |        146 |               pyexpat
import time:       182 |        641 |             xml.parsers.expat
import time:      1180 |       1820 |           plistlib
import time:        85 |         85 |             nt
import time:        73 |         73 |             nt
import time:        69 |         69 |             nt
import time:        69 |         69 |             nt
import time:       316 |        610 |           ntpath
import time:       212 |        212 |               pkg_resources.extern
import time:       118 |        118 |                 pkg_resources._vendor
import time:       185 |        303 |               pkg_resources._vendor.jaraco
import time:       133 |        647 |             pkg_resources.extern.jaraco
import time:       782 |        782 |               pathlib
import time:       330 |       1111 |             importlib.resources
import time:       302 |        302 |                       pkg_resources._vendor.zipp
import time:       219 |        521 |                     pkg_resources._vendor.importlib_resources._compat
import time:       254 |        774 |                   pkg_resources._vendor.importlib_resources.abc
import time:       265 |       1039 |                 pkg_resources._vendor.importlib_resources._common
import time:       338 |        338 |                 pkg_resources._vendor.importlib_resources._legacy
import time:       176 |       1552 |               pkg_resources._vendor.importlib_resources
import time:        86 |       1637 |             pkg_resources.extern.importlib_resources
import time:       295 |        295 |                     pkg_resources._vendor.more_itertools.recipes
import time:      1624 |       1919 |                   pkg_resources._vendor.more_itertools.more
import time:       169 |       2087 |                 pkg_resources._vendor.more_itertools
import time:        77 |       2164 |               pkg_resources.extern.more_itertools
import time:       318 |       2482 |             pkg_resources.extern.jaraco.functools
import time:       351 |        351 |             pkg_resources.extern.jaraco.context
import time:       729 |       6954 |           pkg_resources.extern.jaraco.text
import time:       220 |        220 |             pkg_resources._vendor.appdirs
import time:        94 |        313 |           pkg_resources.extern.appdirs
import time:       168 |        168 |               pkg_resources._vendor.packaging.__about__
import time:       166 |        334 |             pkg_resources._vendor.packaging
import time:        69 |        403 |           pkg_resources.extern.packaging
import time:       150 |        150 |             pkg_resources.extern.packaging._structures
import time:      4039 |       4189 |           pkg_resources.extern.packaging.version
import time:       505 |        505 |                 pkg_resources._vendor.packaging._manylinux
import time:       298 |        298 |                 pkg_resources._vendor.packaging._musllinux
import time:       535 |       1338 |               pkg_resources.extern.packaging.tags
import time:       492 |       1829 |             pkg_resources.extern.packaging.utils
import time:      5479 |       7307 |           pkg_resources.extern.packaging.specifiers
import time:       358 |        358 |                 pkg_resources._vendor.pyparsing.util
import time:       544 |        544 |                   pkg_resources._vendor.pyparsing.unicode
import time:      1998 |       2542 |                 pkg_resources._vendor.pyparsing.exceptions
import time:       202 |        202 |                 pkg_resources._vendor.pyparsing.actions
import time:       405 |        405 |                   pkg_resources._vendor.pyparsing.results
import time:      8350 |       8754 |                 pkg_resources._vendor.pyparsing.core
import time:       862 |        862 |                       html.entities
import time:       532 |       1393 |                     html
import time:        30 |       1422 |                   html.entities
import time:      3129 |       4551 |                 pkg_resources._vendor.pyparsing.helpers
import time:       346 |        346 |                 pkg_resources._vendor.pyparsing.testing
import time:      4621 |       4621 |                 pkg_resources._vendor.pyparsing.common
import time:       671 |      22042 |               pkg_resources._vendor.pyparsing
import time:        84 |      22125 |             pkg_resources.extern.pyparsing
import time:      1685 |       1685 |             pkg_resources.extern.packaging.markers
import time:      8192 |      32002 |           pkg_resources.extern.packaging.requirements
import time:     24086 |      77681 |         pkg_resources
import time:       543 |      78224 |       setuptools.version
import time:       217 |        217 |           distutils.filelist
import time:       187 |        403 |         setuptools.monkey
import time:       259 |        661 |       setuptools.extension
import time:       369 |        369 |         numbers
import time:       148 |        148 |         distutils.command
import time:       383 |        383 |         glob
import time:       172 |        172 |         setuptools.extern
import time:       112 |        112 |             setuptools._vendor
import time:       139 |        139 |             setuptools._vendor.packaging.__about__
import time:       198 |        448 |           setuptools._vendor.packaging
import time:       117 |        565 |         setuptools.extern.packaging
import time:      1173 |       1173 |           setuptools._vendor.ordered_set
import time:        92 |       1265 |         setuptools.extern.ordered_set
import time:       202 |        202 |               setuptools._vendor.more_itertools.recipes
import time:       763 |        964 |             setuptools._vendor.more_itertools.more
import time:       200 |       1164 |           setuptools._vendor.more_itertools
import time:        93 |       1256 |         setuptools.extern.more_itertools
import time:       319 |        319 |                   setuptools._vendor.pyparsing.util
import time:       577 |        577 |                     setuptools._vendor.pyparsing.unicode
import time:      1487 |       2063 |                   setuptools._vendor.pyparsing.exceptions
import time:       319 |        319 |                   setuptools._vendor.pyparsing.actions
import time:       346 |        346 |                     setuptools._vendor.pyparsing.results
import time:      7104 |       7449 |                   setuptools._vendor.pyparsing.core
import time:      2811 |       2811 |                   setuptools._vendor.pyparsing.helpers
import time:       338 |        338 |                   setuptools._vendor.pyparsing.testing
import time:      4925 |       4925 |                   setuptools._vendor.pyparsing.common
import time:       797 |      19017 |                 setuptools._vendor.pyparsing
import time:        86 |      19102 |               setuptools.extern.pyparsing
import time:       520 |        520 |                       setuptools._vendor.packaging._manylinux
import time:       299 |        299 |                       setuptools._vendor.packaging._musllinux
import time:       420 |       1238 |                     setuptools.extern.packaging.tags
import time:       152 |        152 |                       setuptools.extern.packaging._structures
import time:       852 |       1003 |                     setuptools.extern.packaging.version
import time:       272 |       2513 |                   setuptools.extern.packaging.utils
import time:       731 |       3244 |                 setuptools.extern.packaging.specifiers
import time:      1433 |       4677 |               setuptools.extern.packaging.markers
import time:      3295 |      27072 |             setuptools.extern.packaging.requirements
import time:       175 |        175 |                 setuptools._vendor.jaraco
import time:       223 |        398 |               setuptools.extern.jaraco
import time:       322 |        720 |             setuptools.extern.jaraco.context
import time:       307 |        307 |             setuptools.extern.jaraco.functools
import time:        94 |         94 |                     _csv
import time:       482 |        575 |                   csv
import time:       239 |        239 |                   setuptools._vendor.zipp
import time:       114 |        114 |                       setuptools._vendor.importlib_metadata._functools
import time:       158 |        271 |                     setuptools._vendor.importlib_metadata._text
import time:       283 |        553 |                   setuptools._vendor.importlib_metadata._adapters
import time:       131 |        131 |                     setuptools._vendor.importlib_metadata._compat
import time:       298 |        429 |                   setuptools._vendor.importlib_metadata._meta
import time:       273 |        273 |                   setuptools._vendor.importlib_metadata._collections
import time:       116 |        116 |                   setuptools._vendor.importlib_metadata._itertools
import time:      1449 |       3632 |                 setuptools._vendor.importlib_metadata
import time:        97 |       3728 |               setuptools.extern.importlib_metadata
import time:       171 |       3899 |             setuptools._vendor.nspektr._compat
import time:       315 |      32311 |           setuptools._vendor.nspektr
import time:        75 |      32385 |         setuptools.extern.nspektr
import time:        92 |         92 |           importlib_metadata
import time:       161 |        161 |                   setuptools._vendor.importlib_resources._compat
import time:       256 |        416 |                 setuptools._vendor.importlib_resources.abc
import time:       247 |        663 |               setuptools._vendor.importlib_resources._common
import time:       185 |        185 |               setuptools._vendor.importlib_resources._legacy
import time:       166 |       1013 |             setuptools._vendor.importlib_resources
import time:        66 |       1079 |           setuptools.extern.importlib_resources
import time:       184 |       1354 |         setuptools._importlib
import time:       255 |        255 |           distutils.command.bdist
import time:       142 |        396 |         setuptools.command
import time:       142 |        142 |         setuptools.windows_support
import time:       195 |        195 |                 _ast
import time:       389 |        584 |               ast
import time:       825 |       1408 |             setuptools.config.expand
import time:       853 |       2261 |           setuptools.config.setupcfg
import time:       188 |       2448 |         setuptools.config
import time:       167 |        167 |           setuptools.errors
import time:      2138 |       2138 |               email._header_value_parser
import time:       450 |       2588 |             email.headerregistry
import time:       614 |       3202 |           setuptools.config._apply_pyprojecttoml
import time:       426 |       3794 |         setuptools.config.pyprojecttoml
import time:       468 |        468 |         setuptools.discovery
import time:       491 |        491 |           setuptools.extern.jaraco.text
import time:       143 |        633 |         setuptools._reqs
import time:       113 |        113 |           setuptools._itertools
import time:       204 |        317 |         setuptools._entry_points
import time:       912 |      47001 |       setuptools.dist
import time:       150 |        150 |           setuptools.py34compat
import time:       146 |        296 |         setuptools._imp
import time:       212 |        508 |       setuptools.depends
import time:       125 |        125 |       setuptools.logging
import time:       281 |        281 |         distutils.ccompiler
import time:        95 |         95 |         winreg
import time:       371 |        746 |       distutils.msvc9compiler
import time:      2095 |     136108 |     distutils
import time:       282 |     136390 |   GPUtil.GPUtil
import time:       258 |     136647 | GPUtil
import time:       175 |        175 |   __future__
import time:      2414 |       2414 |   psutil._common
import time:       326 |        326 |   psutil._compat
import time:       677 |        677 |     psutil._psposix
import time:       198 |        198 |     psutil._psutil_linux
import time:       130 |        130 |     psutil._psutil_posix
import time:       201 |        201 |     resource
import time:      3962 |       5165 |   psutil._pslinux
import time:      1177 |       9256 | psutil
import time:     25634 |      25634 |         _dlib_pybind11
import time:       290 |      25923 |       dlib
import time:       333 |        333 |         numpy._globals
import time:       189 |        189 |         numpy.__config__
import time:       144 |        144 |         numpy._version
import time:       146 |        146 |         numpy._distributor_init
import time:       161 |        161 |           numpy.version
import time:      6272 |       6272 |               numpy.core._multiarray_umath
import time:       313 |        313 |                   numpy.compat._inspect
import time:       127 |        127 |                     pickle5
import time:       297 |        424 |                   numpy.compat.py3k
import time:       407 |       1143 |                 numpy.compat
import time:        71 |       1213 |               numpy.compat._inspect
import time:       640 |       8124 |             numpy.core.overrides
import time:      2302 |      10425 |           numpy.core.multiarray
import time:       273 |        273 |           numpy.core.umath
import time:       202 |        202 |             numpy.core._string_helpers
import time:       207 |        207 |               numpy.core._dtype
import time:       559 |        765 |             numpy.core._type_aliases
import time:       672 |       1638 |           numpy.core.numerictypes
import time:       397 |        397 |                   numpy.core._exceptions
import time:       362 |        758 |                 numpy.core._methods
import time:      4144 |       4901 |               numpy.core.fromnumeric
import time:       880 |       5780 |             numpy.core.shape_base
import time:       295 |        295 |             numpy.core._ufunc_config
import time:       982 |        982 |             numpy.core.arrayprint
import time:       278 |        278 |             numpy.core._asarray
import time:      2807 |      10141 |           numpy.core.numeric
import time:      4259 |       4259 |           numpy.core.defchararray
import time:       449 |        449 |           numpy.core.records
import time:       246 |        246 |           numpy.core.memmap
import time:       591 |        591 |           numpy.core.function_base
import time:       207 |        207 |           numpy.core.machar
import time:       338 |        338 |           numpy.core.getlimits
import time:       513 |        513 |           numpy.core.einsumfunc
import time:       389 |        389 |             numpy.core._multiarray_tests
import time:      1728 |       2117 |           numpy.core._add_newdocs
import time:       600 |        600 |           numpy.core._add_newdocs_scalars
import time:       180 |        180 |           numpy.core._dtype_ctypes
import time:      1206 |       1206 |           numpy.core._internal
import time:       208 |        208 |           numpy._pytesttester
import time:      1568 |      35111 |         numpy.core
import time:       391 |        391 |           numpy.lib.mixins
import time:       462 |        462 |               numpy.lib.ufunclike
import time:      1262 |       1723 |             numpy.lib.type_check
import time:       948 |       2671 |           numpy.lib.scimath
import time:       638 |        638 |                       numpy.lib.stride_tricks
import time:      1366 |       2004 |                     numpy.lib.twodim_base
import time:       284 |        284 |                     numpy.linalg.lapack_lite
import time:       339 |        339 |                     numpy.linalg._umath_linalg
import time:      2294 |       4919 |                   numpy.linalg.linalg
import time:       251 |       5170 |                 numpy.linalg
import time:       431 |       5601 |               numpy.matrixlib.defmatrix
import time:       216 |       5817 |             numpy.matrixlib
import time:       579 |        579 |               numpy.lib.histograms
import time:      3148 |       3727 |             numpy.lib.function_base
import time:       826 |      10369 |           numpy.lib.index_tricks
import time:      1597 |       1597 |           numpy.lib.nanfunctions
import time:      1372 |       1372 |           numpy.lib.shape_base
import time:      2228 |       2228 |           numpy.lib.polynomial
import time:       907 |        907 |           numpy.lib.utils
import time:       957 |        957 |           numpy.lib.arraysetops
import time:       387 |        387 |             numpy.lib.format
import time:     18256 |      18256 |             numpy.lib._datasource
import time:       560 |        560 |             numpy.lib._iotools
import time:      1441 |      20643 |           numpy.lib.npyio
import time:       219 |        219 |           numpy.lib.arrayterator
import time:       365 |        365 |           numpy.lib.arraypad
import time:       194 |        194 |           numpy.lib._version
import time:      1028 |      42935 |         numpy.lib
import time:       219 |        219 |             numpy.fft._pocketfft_internal
import time:      1834 |       2053 |           numpy.fft._pocketfft
import time:       399 |        399 |           numpy.fft.helper
import time:       332 |       2782 |         numpy.fft
import time:       280 |        280 |             numpy.polynomial.polyutils
import time:       510 |        510 |             numpy.polynomial._polybase
import time:       564 |       1353 |           numpy.polynomial.polynomial
import time:       407 |        407 |           numpy.polynomial.chebyshev
import time:       327 |        327 |           numpy.polynomial.legendre
import time:       359 |        359 |           numpy.polynomial.hermite
import time:       342 |        342 |           numpy.polynomial.hermite_e
import time:       427 |        427 |           numpy.polynomial.laguerre
import time:       609 |       3820 |         numpy.polynomial
import time:       131 |        131 |                   backports_abc
import time:       742 |        872 |                 numpy.random._common
import time:       314 |        314 |                   hmac
import time:       272 |        585 |                 secrets
import time:       582 |       2039 |               numpy.random.bit_generator
import time:       343 |        343 |               numpy.random._bounded_integers
import time:       256 |        256 |               numpy.random._mt19937
import time:      1439 |       4076 |             numpy.random.mtrand
import time:       276 |        276 |             numpy.random._philox
import time:       262 |        262 |             numpy.random._pcg64
import time:       227 |        227 |             numpy.random._sfc64
import time:       715 |        715 |             numpy.random._generator
import time:       503 |       6056 |           numpy.random._pickle
import time:       335 |       6390 |         numpy.random
import time:       621 |        621 |         numpy.ctypeslib
import time:      3458 |       3458 |           numpy.ma.core
import time:      1445 |       1445 |           numpy.ma.extras
import time:       393 |       5295 |         numpy.ma
import time:      2546 |     100307 |       numpy
import time:       230 |        230 |           PIL._version
import time:       335 |        564 |         PIL
import time:        98 |         98 |           defusedxml
import time:        36 |        133 |         defusedxml.ElementTree
import time:       158 |        158 |         PIL.ImageMode
import time:       513 |        513 |         PIL.TiffTags
import time:       144 |        144 |         PIL._binary
import time:       140 |        140 |         PIL._util
import time:       901 |        901 |         PIL._imaging
import time:       106 |        106 |         cffi
import time:      1873 |       4528 |       PIL.Image
import time:       377 |        377 |       PIL.ImageFile
import time:       188 |        188 |       face_recognition_models
import time:    616232 |     747553 |     face01lib.api
import time:       250 |     747803 |   face01lib
import time:        34 |     747836 | face01lib.api
import time:     30305 |      30305 |   cv2.cv2
import time:       444 |        444 |   cv2.mat_wrapper
import time:       246 |        246 |     cv2.misc.version
import time:       369 |        615 |   cv2.misc
import time:       194 |        194 |   cv2.data
import time:       172 |        172 |   cv2.version
import time:       175 |        175 |   cv2.load_config_py3
import time:      6743 |      38645 | cv2
import time:      7006 |       7006 |     mediapipe.python._framework_bindings
import time:       447 |        447 |       google.protobuf
import time:       448 |        448 |       google.protobuf.message
import time:       638 |       1532 |     mediapipe.python.packet_creator
import time:       175 |        175 |         google.protobuf.internal
import time:       256 |        256 |           google.protobuf.internal._api_implementation
import time:       105 |        105 |           google.protobuf.enable_deterministic_proto_serialization
import time:       374 |        734 |         google.protobuf.internal.api_implementation
import time:       172 |        172 |             google.protobuf.pyext
import time:       293 |        293 |               google.protobuf.internal.enum_type_wrapper
import time:      2452 |       2744 |             google.protobuf.pyext._message
import time:       863 |       3778 |           google.protobuf.descriptor
import time:       229 |        229 |           google.protobuf.descriptor_database
import time:       500 |        500 |           google.protobuf.text_encoding
import time:       622 |       5127 |         google.protobuf.descriptor_pool
import time:       132 |        132 |           google.protobuf.pyext.cpp_message
import time:       257 |        388 |         google.protobuf.message_factory
import time:       359 |       6780 |       google.protobuf.symbol_database
import time:       303 |       7083 |     mediapipe.python.packet_getter
import time:       415 |      16035 |   mediapipe.python
import time:      1318 |       1318 |       mediapipe.python.solutions.face_mesh_connections
import time:       247 |        247 |       mediapipe.python.solutions.hands_connections
import time:       915 |        915 |         dataclasses
import time:       184 |        184 |                 packaging.__about__
import time:       220 |        403 |               packaging
import time:       232 |        232 |               packaging._structures
import time:      1338 |       1972 |             packaging.version
import time:       557 |        557 |               matplotlib._api.deprecation
import time:       652 |       1209 |             matplotlib._api
import time:       161 |        161 |             matplotlib._version
import time:       630 |        630 |               gzip
import time:       250 |        250 |               matplotlib._c_internal_utils
import time:      1302 |       2181 |             matplotlib.cbook
import time:       318 |        318 |             matplotlib.docstring
import time:       228 |        228 |                   PIL.ImageChops
import time:       211 |        211 |                     array
import time:       256 |        256 |                     PIL.GimpGradientFile
import time:       173 |        173 |                     PIL.GimpPaletteFile
import time:       272 |        272 |                     PIL.ImageColor
import time:       172 |        172 |                     PIL.PaletteFile
import time:       366 |       1447 |                   PIL.ImagePalette
import time:       184 |        184 |                   PIL.ImageSequence
import time:      1653 |       3511 |                 PIL.PngImagePlugin
import time:       336 |        336 |                       matplotlib._path
import time:       318 |        318 |                         matplotlib.bezier
import time:       538 |        856 |                       matplotlib.path
import time:      1609 |       2800 |                     matplotlib.transforms
import time:      2150 |       4950 |                   matplotlib.ticker
import time:       974 |       5923 |                 matplotlib.scale
import time:       761 |        761 |                 matplotlib._color_data
import time:      1715 |      11909 |               matplotlib.colors
import time:       496 |        496 |                   pyparsing.util
import time:       449 |        449 |                     pyparsing.unicode
import time:      1636 |       2085 |                   pyparsing.exceptions
import time:       308 |        308 |                   pyparsing.actions
import time:       816 |        816 |                     pyparsing.results
import time:      8215 |       9030 |                   pyparsing.core
import time:      2825 |       2825 |                   pyparsing.helpers
import time:       364 |        364 |                   pyparsing.testing
import time:      5370 |       5370 |                   pyparsing.common
import time:       939 |      21413 |                 pyparsing
import time:      1129 |      22541 |               matplotlib.fontconfig_pattern
import time:       638 |        638 |               matplotlib._enums
import time:       321 |        321 |               cycler
import time:      1072 |      36479 |             matplotlib.rcsetup
import time:       389 |        389 |             matplotlib.ft2font
import time:       166 |        166 |             dateutil._version
import time:       414 |        414 |             kiwisolver._cext
import time:       435 |        435 |               matplotlib._cm
import time:       690 |        690 |               matplotlib._cm_listed
import time:     10845 |      11969 |             matplotlib.cm
import time:      7992 |      63244 |           matplotlib
import time:      5264 |       5264 |               matplotlib.artist
import time:       478 |        478 |               matplotlib.hatch
import time:       773 |        773 |                 matplotlib.markers
import time:     14557 |      15329 |               matplotlib.lines
import time:     65299 |      86370 |             matplotlib.collections
import time:        68 |         68 |                     gc
import time:       220 |        288 |                   matplotlib._pylab_helpers
import time:       907 |       1194 |                 matplotlib.backend_tools
import time:       704 |        704 |                   matplotlib._text_helpers
import time:      1245 |       1245 |                   matplotlib.dviread
import time:       571 |        571 |                       matplotlib._mathtext_data
import time:       510 |       1081 |                     matplotlib.afm
import time:      4955 |       6035 |                   matplotlib.font_manager
import time:        62 |         62 |                       unicodedata
import time:      3269 |       3331 |                     matplotlib._mathtext
import time:      1684 |       5014 |                   matplotlib.mathtext
import time:       468 |      13464 |                 matplotlib.textpath
import time:       220 |        220 |                 matplotlib.tight_bbox
import time:     67540 |      67540 |                   matplotlib.patches
import time:      2419 |      69959 |                 matplotlib.widgets
import time:       395 |        395 |                 matplotlib.backend_managers
import time:      2812 |      88041 |               matplotlib.backend_bases
import time:     15104 |      15104 |               matplotlib.text
import time:      5908 |     109052 |             matplotlib.contour
import time:      4350 |       4350 |             matplotlib.spines
import time:      4714 |     204485 |           matplotlib.colorbar
import time:       268 |        268 |             matplotlib._image
import time:     17834 |      18101 |           matplotlib.image
import time:      9648 |       9648 |             matplotlib.style.core
import time:       294 |       9942 |           matplotlib.style
import time:       134 |        134 |             matplotlib._blocking_input
import time:       925 |        925 |                           six
import time:       827 |        827 |                             _decimal
import time:       228 |       1055 |                           decimal
import time:       137 |        137 |                             dateutil._common
import time:       420 |        557 |                           dateutil.relativedelta
import time:        56 |         56 |                               six.moves
import time:       230 |        230 |                               dateutil.tz._common
import time:       191 |        191 |                               dateutil.tz._factories
import time:        35 |         35 |                                 six.moves.winreg
import time:       261 |        295 |                               dateutil.tz.win
import time:       891 |       1661 |                             dateutil.tz.tz
import time:       208 |       1869 |                           dateutil.tz
import time:       828 |       5231 |                         dateutil.parser._parser
import time:       413 |        413 |                         dateutil.parser.isoparser
import time:       274 |       5918 |                       dateutil.parser
import time:       280 |        280 |                       matplotlib.units
import time:       336 |       6533 |                     matplotlib.category
import time:       680 |        680 |                       dateutil.rrule
import time:       919 |       1599 |                     matplotlib.dates
import time:     28209 |      28209 |                       matplotlib.offsetbox
import time:       318 |        318 |                       matplotlib.container
import time:       607 |        607 |                       matplotlib.legend_handler
import time:      3419 |      32552 |                     matplotlib.legend
import time:       464 |        464 |                     matplotlib.mlab
import time:     13605 |      13605 |                     matplotlib.quiver
import time:       245 |        245 |                     matplotlib.stackplot
import time:       397 |        397 |                     matplotlib.streamplot
import time:      7715 |       7715 |                     matplotlib.table
import time:       237 |        237 |                       matplotlib.tri.triangulation
import time:       464 |        464 |                       matplotlib.tri.tricontour
import time:       209 |        209 |                       matplotlib.tri.tritools
import time:       209 |        209 |                       matplotlib.tri.trifinder
import time:       711 |        711 |                       matplotlib.tri.triinterpolate
import time:       222 |        222 |                       matplotlib.tri.trirefine
import time:       173 |        173 |                       matplotlib.tri.tripcolor
import time:       142 |        142 |                       matplotlib.tri.triplot
import time:       447 |       2810 |                     matplotlib.tri
import time:     22328 |      22328 |                       matplotlib.axis
import time:      8898 |      31226 |                     matplotlib.axes._base
import time:      6816 |       6816 |                     matplotlib.axes._secondary_axes
import time:     27548 |     131504 |                   matplotlib.axes._axes
import time:       239 |        239 |                     matplotlib.tight_layout
import time:       747 |        986 |                   matplotlib.gridspec
import time:      7207 |     139695 |                 matplotlib.axes._subplots
import time:       173 |     139868 |               matplotlib.axes
import time:     32196 |      32196 |               matplotlib.projections.geo
import time:     21597 |      21597 |               matplotlib.projections.polar
import time:       156 |        156 |                     mpl_toolkits.mplot3d.proj3d
import time:     33926 |      34082 |                   mpl_toolkits.mplot3d.art3d
import time:     15983 |      15983 |                   mpl_toolkits.mplot3d.axis3d
import time:     15059 |      65124 |                 mpl_toolkits.mplot3d.axes3d
import time:       452 |      65575 |               mpl_toolkits.mplot3d
import time:       345 |     259579 |             matplotlib.projections
import time:     12570 |     272283 |           matplotlib.figure
import time:      2914 |     570966 |         matplotlib.pyplot
import time:       209 |        209 |           mediapipe.framework
import time:       229 |        437 |         mediapipe.framework.formats
import time:       120 |        120 |           google.protobuf.reflection
import time:       109 |        109 |             mediapipe.framework.formats.annotation
import time:       467 |        467 |               google.protobuf.internal.well_known_types
import time:       380 |        846 |             mediapipe.framework.formats.annotation.rasterization_pb2
import time:       471 |       1425 |           mediapipe.framework.formats.location_data_pb2
import time:       426 |       1970 |         mediapipe.framework.formats.detection_pb2
import time:       373 |        373 |         mediapipe.framework.formats.landmark_pb2
import time:      1171 |     575829 |       mediapipe.python.solutions.drawing_utils
import time:       114 |        114 |           mediapipe.calculators
import time:       196 |        309 |         mediapipe.calculators.core
import time:       254 |        254 |             mediapipe.framework.calculator_options_pb2
import time:       134 |        134 |               google.protobuf.internal.builder
import time:       237 |        371 |             google.protobuf.any_pb2
import time:       184 |        184 |             mediapipe.framework.mediapipe_options_pb2
import time:       257 |        257 |             mediapipe.framework.packet_factory_pb2
import time:       233 |        233 |             mediapipe.framework.packet_generator_pb2
import time:       214 |        214 |             mediapipe.framework.status_handler_pb2
import time:       240 |        240 |             mediapipe.framework.stream_handler_pb2
import time:       916 |       2665 |           mediapipe.framework.calculator_pb2
import time:       273 |        273 |           mediapipe.framework.formats.classification_pb2
import time:       591 |       3528 |         mediapipe.calculators.core.constant_side_packet_calculator_pb2
import time:       228 |        228 |         mediapipe.calculators.core.gate_calculator_pb2
import time:       246 |        246 |         mediapipe.calculators.core.split_vector_calculator_pb2
import time:       132 |        132 |         mediapipe.calculators.tensor
import time:       122 |        122 |           mediapipe.gpu
import time:       266 |        266 |           mediapipe.gpu.gpu_origin_pb2
import time:       466 |        853 |         mediapipe.calculators.tensor.image_to_tensor_calculator_pb2
import time:       498 |        498 |         mediapipe.calculators.tensor.inference_calculator_pb2
import time:       307 |        307 |         mediapipe.calculators.tensor.tensors_to_classification_calculator_pb2
import time:       350 |        350 |         mediapipe.calculators.tensor.tensors_to_detections_calculator_pb2
import time:       276 |        276 |         mediapipe.calculators.tensor.tensors_to_landmarks_calculator_pb2
import time:       128 |        128 |         mediapipe.calculators.tflite
import time:       316 |        316 |         mediapipe.calculators.tflite.ssd_anchors_calculator_pb2
import time:       131 |        131 |         mediapipe.calculators.util
import time:       304 |        304 |         mediapipe.calculators.util.association_calculator_pb2
import time:       262 |        262 |         mediapipe.calculators.util.detections_to_rects_calculator_pb2
import time:       239 |        239 |         mediapipe.calculators.util.logic_calculator_pb2
import time:       411 |        411 |         mediapipe.calculators.util.non_max_suppression_calculator_pb2
import time:       265 |        265 |         mediapipe.calculators.util.rect_transformation_calculator_pb2
import time:       214 |        214 |         mediapipe.calculators.util.thresholding_calculator_pb2
import time:       123 |        123 |           mediapipe.calculators.image
import time:       238 |        238 |             mediapipe.gpu.scale_mode_pb2
import time:       456 |        693 |           mediapipe.calculators.image.image_transformation_calculator_pb2
import time:       349 |        349 |           mediapipe.calculators.util.landmarks_smoothing_calculator_pb2
import time:       252 |        252 |           mediapipe.framework.formats.rect_pb2
import time:       122 |        122 |               mediapipe.modules
import time:       185 |        307 |             mediapipe.modules.objectron
import time:       165 |        471 |           mediapipe.modules.objectron.calculators
import time:      2717 |       2717 |             mediapipe.modules.objectron.calculators.a_r_capture_metadata_pb2
import time:       497 |        497 |             mediapipe.modules.objectron.calculators.object_pb2
import time:       542 |       3754 |           mediapipe.modules.objectron.calculators.annotation_data_pb2
import time:       243 |        243 |             mediapipe.modules.objectron.calculators.belief_decoder_config_pb2
import time:       296 |        538 |           mediapipe.modules.objectron.calculators.lift_2d_frame_annotation_to_3d_calculator_pb2
import time:      1152 |       7329 |         mediapipe.python.solution_base
import time:      1112 |      17429 |       mediapipe.python.solutions.hands
import time:       318 |        318 |         mediapipe.calculators.image.warp_affine_calculator_pb2
import time:       264 |        264 |         mediapipe.calculators.tensor.tensors_to_segmentation_calculator_pb2
import time:       226 |        226 |         mediapipe.calculators.util.local_file_contents_calculator_pb2
import time:       331 |        331 |         mediapipe.calculators.util.visibility_smoothing_calculator_pb2
import time:       139 |        139 |         mediapipe.framework.tool
import time:       281 |        281 |         mediapipe.framework.tool.switch_container_pb2
import time:       131 |        131 |         mediapipe.python.solutions.download_utils
import time:       109 |        109 |         mediapipe.python.solutions.pose_connections
import time:       876 |       2670 |       mediapipe.python.solutions.pose
import time:       484 |     597974 |     mediapipe.python.solutions.drawing_styles
import time:       337 |        337 |     mediapipe.python.solutions.face_detection
import time:       443 |        443 |       mediapipe.calculators.util.landmarks_refinement_calculator_pb2
import time:       231 |        673 |     mediapipe.python.solutions.face_mesh
import time:       250 |        250 |       mediapipe.calculators.tensor.tensors_to_floats_calculator_pb2
import time:       222 |        222 |       mediapipe.calculators.util.landmark_projection_calculator_pb2
import time:       127 |        127 |         mediapipe.modules.holistic_landmark
import time:       199 |        325 |       mediapipe.modules.holistic_landmark.calculators
import time:       389 |        389 |       mediapipe.modules.holistic_landmark.calculators.roi_tracking_calculator_pb2
import time:       346 |       1532 |     mediapipe.python.solutions.holistic
import time:       200 |        200 |           attr._compat
import time:       118 |        118 |             attr._config
import time:       258 |        258 |               attr.exceptions
import time:       148 |        405 |             attr.setters
import time:      2434 |       2956 |           attr._make
import time:       389 |       3543 |         attr.converters
import time:       191 |        191 |         attr.filters
import time:      3650 |       3650 |         attr.validators
import time:       233 |        233 |         attr._cmp
import time:       178 |        178 |         attr._funcs
import time:       627 |        627 |         attr._version_info
import time:       172 |        172 |         attr._next_gen
import time:       425 |       9016 |       attr
import time:       335 |        335 |       mediapipe.calculators.util.collection_has_min_size_calculator_pb2
import time:       230 |        230 |       mediapipe.calculators.util.detection_label_id_to_text_calculator_pb2
import time:       393 |        393 |       mediapipe.modules.objectron.calculators.frame_annotation_to_rect_calculator_pb2
import time:      3537 |      13509 |     mediapipe.python.solutions.objectron
import time:       225 |        225 |     mediapipe.python.solutions.selfie_segmentation
import time:       326 |     614574 |   mediapipe.python.solutions
import time:       309 |     630917 | mediapipe
import time:      1974 |       1974 |     PIL._imagingft
import time:       514 |       2488 |   PIL.ImageFont
import time:       338 |       2825 | PIL.ImageDraw
import time:       277 |        277 | face01lib.video_capture
import time:       171 |        171 | face01lib.load_priset_image
import time:       129 |        129 | face01lib.similar_percentage_to_tolerance
Traceback (most recent call last):
  File "FACE01.py", line 210, in <module>
    conf_dict = configure()
  File "FACE01.py", line 161, in configure
    kaoninshoDir, priset_face_imagesDir = home()
  File "FACE01.py", line 155, in home
    chdir(kaoninshoDir)
FileNotFoundError: [Errno 2] No such file or directory: ''
