[2022-07-13 14:19:55,611] [__main__] [example.py] [DEBUG] ([(227, 462, 366, 323)], 'output/2022,07,13,14,19,55,543434.png', 0.06822283899964532)
[2022-07-13 14:19:55,693] [__main__] [example.py] [DEBUG] ([(229, 463, 368, 324)], 'output/2022,07,13,14,19,55,632713.png', 0.06029344800117542)
[2022-07-13 14:19:55,766] [__main__] [example.py] [DEBUG] ([(225, 463, 365, 323)], 'output/2022,07,13,14,19,55,713573.png', 0.053221707999909995)
[2022-07-13 14:19:55,840] [__main__] [example.py] [DEBUG] ([(221, 468, 361, 328)], 'output/2022,07,13,14,19,55,787076.png', 0.052971983001043554)
[2022-07-13 14:19:55,940] [__main__] [example.py] [DEBUG] ([(219, 467, 354, 332)], 'output/2022,07,13,14,19,55,864208.png', 0.07617709500118508)
[2022-07-13 14:19:56,019] [__main__] [example.py] [DEBUG] ([(218, 468, 354, 332)], 'output/2022,07,13,14,19,55,961569.png', 0.0581352200024412)
[2022-07-13 14:19:56,093] [__main__] [example.py] [DEBUG] ([(227, 463, 365, 325)], 'output/2022,07,13,14,19,56,041564.png', 0.052350054000271484)
[2022-07-13 14:19:56,179] [__main__] [example.py] [DEBUG] ([(228, 464, 369, 323)], 'output/2022,07,13,14,19,56,111724.png', 0.06813852000050247)
[2022-07-13 14:19:56,257] [__main__] [example.py] [DEBUG] ([(232, 462, 371, 323)], 'output/2022,07,13,14,19,56,197920.png', 0.0591837019965169)
[2022-07-13 14:19:56,336] [__main__] [example.py] [DEBUG] ([(222, 469, 371, 320)], 'output/2022,07,13,14,19,56,279797.png', 0.05636877600045409)
[2022-07-13 14:19:56,415] [__main__] [example.py] [DEBUG] ([(215, 471, 359, 327)], 'output/2022,07,13,14,19,56,356698.png', 0.058991396999772405)
[2022-07-13 14:19:56,490] [__main__] [example.py] [DEBUG] ([(216, 473, 358, 331)], 'output/2022,07,13,14,19,56,432790.png', 0.05777928499810514)
[2022-07-13 14:19:56,566] [__main__] [example.py] [DEBUG] ([(222, 471, 365, 328)], 'output/2022,07,13,14,19,56,511016.png', 0.0549578170030145)
[2022-07-13 14:19:56,641] [__main__] [example.py] [DEBUG] ([(211, 470, 355, 326)], 'output/2022,07,13,14,19,56,583185.png', 0.05848224000146729)
[2022-07-13 14:19:56,719] [__main__] [example.py] [DEBUG] ([(223, 469, 365, 327)], 'output/2022,07,13,14,19,56,664804.png', 0.05463576500187628)
[2022-07-13 14:19:56,803] [__main__] [example.py] [DEBUG] ([(222, 469, 364, 327)], 'output/2022,07,13,14,19,56,736987.png', 0.06637862600109656)
[2022-07-13 14:19:56,883] [__main__] [example.py] [DEBUG] ([(213, 469, 356, 326)], 'output/2022,07,13,14,19,56,824583.png', 0.05898619700019481)
[2022-07-13 14:19:56,963] [__main__] [example.py] [DEBUG] ([(213, 467, 350, 330)], 'output/2022,07,13,14,19,56,902626.png', 0.06119002299965359)
[2022-07-13 14:19:57,052] [__main__] [example.py] [DEBUG] ([(215, 470, 354, 331)], 'output/2022,07,13,14,19,56,983303.png', 0.06868060000124387)
[2022-07-13 14:19:57,130] [__main__] [example.py] [DEBUG] ([(217, 466, 354, 329)], 'output/2022,07,13,14,19,57,069021.png', 0.06095120999816572)
[2022-07-13 14:19:57,235] [__main__] [example.py] [DEBUG] ([(217, 468, 355, 330)], 'output/2022,07,13,14,19,57,151037.png', 0.08393651400183444)
[2022-07-13 14:19:57,318] [__main__] [example.py] [DEBUG] ([(223, 473, 364, 332)], 'output/2022,07,13,14,19,57,259373.png', 0.05881192800006829)
[2022-07-13 14:19:57,413] [__main__] [example.py] [DEBUG] ([(223, 473, 364, 332)], 'output/2022,07,13,14,19,57,341850.png', 0.07174293700154522)
[2022-07-13 14:19:57,515] [__main__] [example.py] [DEBUG] ([(225, 474, 366, 333)], 'output/2022,07,13,14,19,57,437535.png', 0.07820994899884681)
[2022-07-13 14:19:57,608] [__main__] [example.py] [DEBUG] ([(225, 472, 365, 332)], 'output/2022,07,13,14,19,57,535213.png', 0.07359143699795823)
[2022-07-13 14:19:57,691] [__main__] [example.py] [DEBUG] ([(227, 472, 366, 333)], 'output/2022,07,13,14,19,57,629116.png', 0.06250603300213697)
[2022-07-13 14:19:57,767] [__main__] [example.py] [DEBUG] ([(227, 472, 366, 333)], 'output/2022,07,13,14,19,57,709524.png', 0.05806022899923846)
[2022-07-13 14:19:57,842] [__main__] [example.py] [DEBUG] ([(224, 477, 368, 333)], 'output/2022,07,13,14,19,57,784822.png', 0.05808411500038346)
[2022-07-13 14:19:57,921] [__main__] [example.py] [DEBUG] ([(221, 475, 361, 335)], 'output/2022,07,13,14,19,57,863234.png', 0.05850660800206242)
[2022-07-13 14:19:58,004] [__main__] [example.py] [DEBUG] ([(223, 479, 367, 335)], 'output/2022,07,13,14,19,57,943113.png', 0.06130089400176075)
[2022-07-13 14:19:58,092] [__main__] [example.py] [DEBUG] ([(215, 476, 356, 335)], 'output/2022,07,13,14,19,58,022961.png', 0.06966932899740641)
[2022-07-13 14:19:58,172] [__main__] [example.py] [DEBUG] ([(220, 477, 361, 336)], 'output/2022,07,13,14,19,58,113892.png', 0.058672081999247894)
[2022-07-13 14:19:58,251] [__main__] [example.py] [DEBUG] ([(213, 474, 347, 340)], 'output/2022,07,13,14,19,58,191220.png', 0.05983744700279203)
[2022-07-13 14:19:58,334] [__main__] [example.py] [DEBUG] ([(216, 473, 349, 340)], 'output/2022,07,13,14,19,58,272117.png', 0.06256450600267272)
[2022-07-13 14:19:58,411] [__main__] [example.py] [DEBUG] ([(216, 474, 355, 335)], 'output/2022,07,13,14,19,58,351218.png', 0.06016014900160371)
[2022-07-13 14:19:58,491] [__main__] [example.py] [DEBUG] ([(215, 477, 357, 335)], 'output/2022,07,13,14,19,58,430058.png', 0.06185657099922537)
[2022-07-13 14:19:58,570] [__main__] [example.py] [DEBUG] ([(220, 472, 365, 327)], 'output/2022,07,13,14,19,58,509356.png', 0.06062403999749222)
[2022-07-13 14:19:58,652] [__main__] [example.py] [DEBUG] ([(220, 472, 365, 327)], 'output/2022,07,13,14,19,58,589371.png', 0.06334044899995206)
[2022-07-13 14:19:58,739] [__main__] [example.py] [DEBUG] ([(216, 471, 363, 324)], 'output/2022,07,13,14,19,58,671036.png', 0.06845635599893285)
[2022-07-13 14:19:58,831] [__main__] [example.py] [DEBUG] ([(217, 472, 365, 324)], 'output/2022,07,13,14,19,58,759895.png', 0.07136698300018907)
[2022-07-13 14:19:58,922] [__main__] [example.py] [DEBUG] ([(217, 483, 375, 325)], 'output/2022,07,13,14,19,58,852683.png', 0.06936484100151574)
[2022-07-13 14:19:59,010] [__main__] [example.py] [DEBUG] ([(219, 481, 375, 325)], 'output/2022,07,13,14,19,58,940681.png', 0.06996170500133303)
[2022-07-13 14:19:59,093] [__main__] [example.py] [DEBUG] ([(222, 479, 376, 325)], 'output/2022,07,13,14,19,59,031474.png', 0.06231003399807378)
[2022-07-13 14:19:59,180] [__main__] [example.py] [DEBUG] ([(223, 476, 373, 326)], 'output/2022,07,13,14,19,59,119150.png', 0.061660660001507495)
[2022-07-13 14:19:59,267] [__main__] [example.py] [DEBUG] ([(219, 475, 365, 329)], 'output/2022,07,13,14,19,59,201766.png', 0.0661002320011903)
[2022-07-13 14:19:59,350] [__main__] [example.py] [DEBUG] ([(219, 477, 360, 336)], 'output/2022,07,13,14,19,59,285910.png', 0.06484348500089254)
[2022-07-13 14:19:59,436] [__main__] [example.py] [DEBUG] ([(218, 475, 360, 333)], 'output/2022,07,13,14,19,59,371829.png', 0.0643333160005568)
[2022-07-13 14:19:59,531] [__main__] [example.py] [DEBUG] ([(215, 476, 360, 331)], 'output/2022,07,13,14,19,59,455826.png', 0.07550718800121103)
[2022-07-13 14:19:59,635] [__main__] [example.py] [DEBUG] ([(215, 475, 353, 337)], 'output/2022,07,13,14,19,59,551756.png', 0.08323328199912794)
[2022-07-13 14:19:59,730] [__main__] [example.py] [DEBUG] ([(217, 474, 355, 336)], 'output/2022,07,13,14,19,59,656616.png', 0.07425233500180184)
[2022-07-13 14:19:59,808] [__main__] [example.py] [DEBUG] ([(216, 474, 356, 334)], 'output/2022,07,13,14,19,59,746682.png', 0.06143153499942855)
[2022-07-13 14:19:59,889] [__main__] [example.py] [DEBUG] ([(216, 471, 357, 330)], 'output/2022,07,13,14,19,59,826233.png', 0.06296635999751743)
[2022-07-13 14:19:59,970] [__main__] [example.py] [DEBUG] ([(216, 471, 357, 330)], 'output/2022,07,13,14,19,59,907747.png', 0.0630201020030654)
[2022-07-13 14:20:00,057] [__main__] [example.py] [DEBUG] ([(214, 472, 355, 331)], 'output/2022,07,13,14,19,59,990234.png', 0.06693566999820177)
[2022-07-13 14:20:00,145] [__main__] [example.py] [DEBUG] ([(214, 470, 353, 331)], 'output/2022,07,13,14,20,00,080861.png', 0.06485183199765743)
[2022-07-13 14:20:00,227] [__main__] [example.py] [DEBUG] ([(216, 470, 353, 333)], 'output/2022,07,13,14,20,00,168646.png', 0.059012662000895943)
[2022-07-13 14:20:00,313] [__main__] [example.py] [DEBUG] ([(216, 469, 354, 331)], 'output/2022,07,13,14,20,00,249572.png', 0.06349008599863737)
[2022-07-13 14:20:00,407] [__main__] [example.py] [DEBUG] ([(214, 471, 352, 333)], 'output/2022,07,13,14,20,00,334200.png', 0.07312507599999662)
[2022-07-13 14:20:00,492] [__main__] [example.py] [DEBUG] ([(216, 472, 356, 332)], 'output/2022,07,13,14,20,00,427909.png', 0.06503015099951881)
[2022-07-13 14:20:00,571] [__main__] [example.py] [DEBUG] ([(213, 472, 353, 332)], 'output/2022,07,13,14,20,00,510782.png', 0.0605216579970147)
[2022-07-13 14:20:00,682] [__main__] [example.py] [DEBUG] ([(215, 472, 356, 331)], 'output/2022,07,13,14,20,00,589592.png', 0.09246026800246909)
[2022-07-13 14:20:00,759] [__main__] [example.py] [DEBUG] ([(217, 473, 362, 328)], 'output/2022,07,13,14,20,00,698969.png', 0.060500558000057936)
[2022-07-13 14:20:00,845] [__main__] [example.py] [DEBUG] ([(217, 475, 365, 327)], 'output/2022,07,13,14,20,00,776766.png', 0.06854839299921878)
[2022-07-13 14:20:00,921] [__main__] [example.py] [DEBUG] ([(216, 475, 364, 327)], 'output/2022,07,13,14,20,00,861464.png', 0.060326196002279175)
[2022-07-13 14:20:01,007] [__main__] [example.py] [DEBUG] ([(216, 476, 366, 326)], 'output/2022,07,13,14,20,00,939304.png', 0.06830459899720154)
[2022-07-13 14:20:01,086] [__main__] [example.py] [DEBUG] ([(222, 473, 369, 326)], 'output/2022,07,13,14,20,01,025861.png', 0.0607558239971695)
[2022-07-13 14:20:01,177] [__main__] [example.py] [DEBUG] ([(222, 471, 366, 327)], 'output/2022,07,13,14,20,01,108918.png', 0.06866323199938051)
[2022-07-13 14:20:01,265] [__main__] [example.py] [DEBUG] ([(220, 471, 364, 327)], 'output/2022,07,13,14,20,01,202418.png', 0.06322912099858513)
[2022-07-13 14:20:01,359] [__main__] [example.py] [DEBUG] ([(218, 472, 363, 327)], 'output/2022,07,13,14,20,01,284480.png', 0.0745461559999967)
[2022-07-13 14:20:01,462] [__main__] [example.py] [DEBUG] ([(220, 472, 365, 327)], 'output/2022,07,13,14,20,01,390247.png', 0.07208296799944947)
[2022-07-13 14:20:01,547] [__main__] [example.py] [DEBUG] ([(218, 475, 366, 327)], 'output/2022,07,13,14,20,01,481986.png', 0.06547973600027035)
