[2022-06-22 22:52:08,985] [FACE01] [FACE01.py] [INFO] FACE01の推奨動作環境を満たしているかシステムチェックを実行します
[2022-06-22 22:52:08,986] [FACE01] [FACE01.py] [INFO] - Python version check
[2022-06-22 22:52:08,986] [FACE01] [FACE01.py] [INFO]   [OK] 3.8.10 (default, Mar 15 2022, 12:22:08) 
[GCC 9.4.0]
[2022-06-22 22:52:08,986] [FACE01] [FACE01.py] [INFO] - CPU check
[2022-06-22 22:52:09,034] [FACE01] [FACE01.py] [INFO]   [OK] 3.20GHz
[2022-06-22 22:52:09,036] [FACE01] [FACE01.py] [INFO]   [OK] 4core
[2022-06-22 22:52:09,036] [FACE01] [FACE01.py] [INFO] - Memory check
[2022-06-22 22:52:09,038] [FACE01] [FACE01.py] [INFO]   [OK] 16GByte
[2022-06-22 22:52:09,039] [FACE01] [FACE01.py] [INFO] - CUDA devices check
[2022-06-22 22:52:09,039] [FACE01] [FACE01.py] [INFO]   [OK] cuda devices: 1
[2022-06-22 22:52:09,040] [FACE01] [FACE01.py] [INFO] - Dlib build check: CUDA
[2022-06-22 22:52:09,041] [FACE01] [FACE01.py] [INFO]   [OK] DLIB_USE_CUDA: True
[2022-06-22 22:52:09,041] [FACE01] [FACE01.py] [INFO] - Dlib build check: BLAS, LAPACK
[2022-06-22 22:52:09,042] [FACE01] [FACE01.py] [INFO]   [OK] DLIB_USE_BLAS, LAPACK: True
[2022-06-22 22:52:09,043] [FACE01] [FACE01.py] [INFO] - VRAM check
[2022-06-22 22:52:09,071] [FACE01] [FACE01.py] [INFO]   [OK] VRAM: 6GByte
[2022-06-22 22:52:09,072] [FACE01] [FACE01.py] [INFO]   [OK] GPU device: NVIDIA GeForce GTX 1660 Ti
[2022-06-22 22:52:09,072] [FACE01] [FACE01.py] [INFO]   ** System check: Done **

[2022-06-22 22:52:11,068] [face01lib.load_priset_image] [load_priset_image.py] [INFO] npKnown.npz を読み込みます
